c:\users\xnote\desktop\test\join\join\debug\vc141.pdb
c:\users\xnote\desktop\test\join\join\debug\vc141.idb
c:\users\xnote\desktop\test\join\join\debug\procrecvmsg.obj
c:\users\xnote\desktop\test\join\join\debug\procpingpong.obj
c:\users\xnote\desktop\test\join\join\debug\procleavekeys.obj
c:\users\xnote\desktop\test\join\join\debug\procjoin.obj
c:\users\xnote\desktop\test\join\join\debug\procfixfinger.obj
c:\users\xnote\desktop\test\join\join\debug\procfindpred.obj
c:\users\xnote\desktop\test\join\join\debug\procfilerecv.obj
c:\users\xnote\desktop\test\join\join\debug\procfilelisten.obj
c:\users\xnote\desktop\test\join\join\debug\main.obj
c:\users\xnote\desktop\test\join\join\debug\header.obj
c:\users\xnote\desktop\test\join\debug\join.ilk
c:\users\xnote\desktop\test\join\debug\join.exe
c:\users\xnote\desktop\test\join\debug\join.pdb
c:\users\xnote\desktop\test\join\join\debug\join.tlog\cl.command.1.tlog
c:\users\xnote\desktop\test\join\join\debug\join.tlog\cl.read.1.tlog
c:\users\xnote\desktop\test\join\join\debug\join.tlog\cl.write.1.tlog
c:\users\xnote\desktop\test\join\join\debug\join.tlog\link.command.1.tlog
c:\users\xnote\desktop\test\join\join\debug\join.tlog\link.read.1.tlog
c:\users\xnote\desktop\test\join\join\debug\join.tlog\link.write.1.tlog
